<?xml version="1.0" encoding="UTF-8"?>
<testng-results ignored="0" total="1" passed="1" failed="0" skipped="0">
  <reporter-output>
  </reporter-output>
  <suite started-at="2023-05-11T17:15:36 IST" name="Default suite" finished-at="2023-05-11T17:15:40 IST" duration-ms="3359">
    <groups>
    </groups>
    <test started-at="2023-05-11T17:15:36 IST" name="Default test" finished-at="2023-05-11T17:15:40 IST" duration-ms="3359">
      <class name="api.test.UserTestUsingPropertyFile">
        <test-method signature="create()[pri:0, instance:api.test.UserTestUsingPropertyFile@223aa2f7]" started-at="2023-05-11T17:15:36 IST" name="create" finished-at="2023-05-11T17:15:40 IST" duration-ms="3294" status="PASS">
          <reporter-output>
          </reporter-output>
        </test-method> <!-- create -->
      </class> <!-- api.test.UserTestUsingPropertyFile -->
    </test> <!-- Default test -->
  </suite> <!-- Default suite -->
</testng-results>
